Use GPU: 0 for training
Use GPU: 1 for training
Epoch: [0][   0/5005]	Time 81.338 (81.338)	Data 73.376 (73.376)	Loss 7.0792e+00 (7.0792e+00)	Acc@1   0.78 (  0.78)	Acc@5   0.78 (  0.78)
Epoch: [0][1000/5005]	Time  0.128 ( 0.265)	Data  0.061 ( 0.095)	Loss 6.2710e+00 (6.4696e+00)	Acc@1   0.00 (  1.15)	Acc@5   5.47 (  4.24)
Epoch: [0][2000/5005]	Time  0.137 ( 0.222)	Data  0.000 ( 0.067)	Loss 5.7497e+00 (6.1943e+00)	Acc@1   3.91 (  2.13)	Acc@5  14.84 (  7.11)
Epoch: [0][3000/5005]	Time  0.132 ( 0.207)	Data  0.000 ( 0.053)	Loss 5.2980e+00 (6.0032e+00)	Acc@1   7.03 (  3.05)	Acc@5  18.75 (  9.52)
Epoch: [0][4000/5005]	Time  0.151 ( 0.201)	Data  0.000 ( 0.040)	Loss 5.6317e+00 (5.8617e+00)	Acc@1   3.12 (  3.80)	Acc@5  16.41 ( 11.41)
Epoch: [0][5000/5005]	Time  0.300 ( 0.196)	Data  0.000 ( 0.032)	Loss 5.2061e+00 (5.7468e+00)	Acc@1   9.38 (  4.51)	Acc@5  21.88 ( 13.09)
Epoch: [0][   0/5005]	Time 81.339 (81.339)	Data 73.452 (73.452)	Loss 7.0010e+00 (7.0010e+00)	Acc@1   0.00 (  0.00)	Acc@5   0.00 (  0.00)
Epoch: [0][1000/5005]	Time  0.134 ( 0.265)	Data  0.000 ( 0.082)	Loss 6.3885e+00 (6.4724e+00)	Acc@1   1.56 (  1.17)	Acc@5   7.81 (  4.28)
Epoch: [0][2000/5005]	Time  0.130 ( 0.222)	Data  0.000 ( 0.042)	Loss 5.6030e+00 (6.1955e+00)	Acc@1   7.03 (  2.17)	Acc@5  14.84 (  7.19)
Epoch: [0][3000/5005]	Time  0.152 ( 0.207)	Data  0.000 ( 0.033)	Loss 5.5371e+00 (6.0032e+00)	Acc@1   5.47 (  3.10)	Acc@5  13.28 (  9.64)
Epoch: [0][4000/5005]	Time  0.134 ( 0.201)	Data  0.000 ( 0.035)	Loss 5.4422e+00 (5.8626e+00)	Acc@1   4.69 (  3.86)	Acc@5  17.97 ( 11.54)
Epoch: [0][5000/5005]	Time  0.300 ( 0.196)	Data  0.000 ( 0.035)	Loss 5.3809e+00 (5.7472e+00)	Acc@1   7.03 (  4.56)	Acc@5  19.53 ( 13.18)
Test: [  0/391]	Time 88.300 (88.300)	Loss 4.2719e+00 (4.2719e+00)	Acc@1  18.75 ( 18.75)	Acc@5  49.22 ( 49.22)
 *   Acc@1 8.694 Acc@5 22.850
Test: [  0/391]	Time 88.305 (88.305)	Loss 4.2719e+00 (4.2719e+00)	Acc@1  18.75 ( 18.75)	Acc@5  49.22 ( 49.22)
 *   Acc@1 8.694 Acc@5 22.850
Epoch: [1][   0/5005]	Time 75.580 (75.580)	Data 75.492 (75.492)	Loss 4.8988e+00 (4.8988e+00)	Acc@1   7.81 (  7.81)	Acc@5  24.22 ( 24.22)
Epoch: [1][1000/5005]	Time  0.135 ( 0.224)	Data  0.000 ( 0.080)	Loss 5.5328e+00 (5.1483e+00)	Acc@1   3.12 (  8.52)	Acc@5  14.84 ( 21.94)
Epoch: [1][2000/5005]	Time  0.141 ( 0.187)	Data  0.000 ( 0.043)	Loss 5.0868e+00 (5.0992e+00)	Acc@1  12.50 (  8.98)	Acc@5  25.78 ( 22.85)
Epoch: [1][3000/5005]	Time  0.134 ( 0.175)	Data  0.000 ( 0.031)	Loss 4.7932e+00 (5.0505e+00)	Acc@1  15.62 (  9.49)	Acc@5  29.69 ( 23.71)
Epoch: [1][4000/5005]	Time  0.144 ( 0.169)	Data  0.000 ( 0.025)	Loss 4.8524e+00 (5.0040e+00)	Acc@1  11.72 (  9.94)	Acc@5  27.34 ( 24.53)
Epoch: [1][5000/5005]	Time  0.135 ( 0.166)	Data  0.000 ( 0.022)	Loss 4.5495e+00 (4.9586e+00)	Acc@1  10.94 ( 10.40)	Acc@5  35.16 ( 25.36)
Epoch: [1][   0/5005]	Time 76.585 (76.585)	Data 76.458 (76.458)	Loss 4.8237e+00 (4.8237e+00)	Acc@1  14.84 ( 14.84)	Acc@5  24.22 ( 24.22)
Epoch: [1][1000/5005]	Time  0.134 ( 0.229)	Data  0.000 ( 0.081)	Loss 4.9149e+00 (5.1465e+00)	Acc@1  10.94 (  8.52)	Acc@5  30.47 ( 22.07)
Epoch: [1][2000/5005]	Time  0.178 ( 0.190)	Data  0.000 ( 0.042)	Loss 4.8308e+00 (5.0943e+00)	Acc@1  15.62 (  9.06)	Acc@5  29.69 ( 22.97)
Epoch: [1][3000/5005]	Time  0.137 ( 0.176)	Data  0.000 ( 0.028)	Loss 4.9374e+00 (5.0466e+00)	Acc@1  12.50 (  9.55)	Acc@5  25.00 ( 23.88)
Epoch: [1][4000/5005]	Time  0.134 ( 0.171)	Data  0.000 ( 0.021)	Loss 4.8453e+00 (5.0021e+00)	Acc@1  12.50 ( 10.01)	Acc@5  32.03 ( 24.70)
Epoch: [1][5000/5005]	Time  0.135 ( 0.167)	Data  0.000 ( 0.017)	Loss 4.8508e+00 (4.9558e+00)	Acc@1  10.16 ( 10.46)	Acc@5  24.22 ( 25.52)
Test: [  0/391]	Time 89.087 (89.087)	Loss 3.3397e+00 (3.3397e+00)	Acc@1  31.25 ( 31.25)	Acc@5  62.50 ( 62.50)
 *   Acc@1 14.240 Acc@5 32.584
Test: [  0/391]	Time 89.070 (89.070)	Loss 3.3397e+00 (3.3397e+00)	Acc@1  31.25 ( 31.25)	Acc@5  62.50 ( 62.50)
 *   Acc@1 14.240 Acc@5 32.584
Epoch: [2][   0/5005]	Time 77.901 (77.901)	Data 77.485 (77.485)	Loss 4.4770e+00 (4.4770e+00)	Acc@1  14.84 ( 14.84)	Acc@5  32.81 ( 32.81)
Epoch: [2][1000/5005]	Time  0.152 ( 0.226)	Data  0.000 ( 0.079)	Loss 4.7148e+00 (4.6760e+00)	Acc@1  11.72 ( 13.32)	Acc@5  28.12 ( 30.47)
Epoch: [2][2000/5005]	Time  0.129 ( 0.187)	Data  0.000 ( 0.040)	Loss 4.2410e+00 (4.6321e+00)	Acc@1  16.41 ( 13.85)	Acc@5  38.28 ( 31.36)
Epoch: [2][3000/5005]	Time  0.137 ( 0.174)	Data  0.000 ( 0.028)	Loss 4.8669e+00 (4.6005e+00)	Acc@1  11.72 ( 14.20)	Acc@5  29.69 ( 31.91)
Epoch: [2][4000/5005]	Time  0.137 ( 0.168)	Data  0.000 ( 0.022)	Loss 4.5869e+00 (4.5702e+00)	Acc@1  14.84 ( 14.59)	Acc@5  28.91 ( 32.41)
Epoch: [2][5000/5005]	Time  0.136 ( 0.165)	Data  0.000 ( 0.018)	Loss 3.7566e+00 (4.5369e+00)	Acc@1  28.12 ( 14.96)	Acc@5  44.53 ( 33.05)
Epoch: [2][   0/5005]	Time 82.776 (82.776)	Data 82.490 (82.490)	Loss 4.8741e+00 (4.8741e+00)	Acc@1  11.72 ( 11.72)	Acc@5  26.56 ( 26.56)
Epoch: [2][1000/5005]	Time  0.134 ( 0.231)	Data  0.000 ( 0.083)	Loss 4.6994e+00 (4.6730e+00)	Acc@1  14.06 ( 13.36)	Acc@5  29.69 ( 30.49)
Epoch: [2][2000/5005]	Time  0.129 ( 0.189)	Data  0.000 ( 0.042)	Loss 4.4660e+00 (4.6347e+00)	Acc@1  15.62 ( 13.78)	Acc@5  32.03 ( 31.23)
Epoch: [2][3000/5005]	Time  0.147 ( 0.176)	Data  0.000 ( 0.028)	Loss 4.0831e+00 (4.6030e+00)	Acc@1  18.75 ( 14.12)	Acc@5  46.09 ( 31.82)
Epoch: [2][4000/5005]	Time  0.135 ( 0.169)	Data  0.000 ( 0.021)	Loss 4.3455e+00 (4.5703e+00)	Acc@1  14.06 ( 14.50)	Acc@5  32.81 ( 32.43)
Epoch: [2][5000/5005]	Time  0.138 ( 0.166)	Data  0.000 ( 0.018)	Loss 4.4893e+00 (4.5379e+00)	Acc@1  15.62 ( 14.91)	Acc@5  35.16 ( 33.06)
Test: [  0/391]	Time 89.773 (89.773)	Loss 3.0166e+00 (3.0166e+00)	Acc@1  44.53 ( 44.53)	Acc@5  64.84 ( 64.84)
 *   Acc@1 18.106 Acc@5 38.614
Test: [  0/391]	Time 89.773 (89.773)	Loss 3.0166e+00 (3.0166e+00)	Acc@1  44.53 ( 44.53)	Acc@5  64.84 ( 64.84)
 *   Acc@1 18.106 Acc@5 38.614
Epoch: [3][   0/5005]	Time 83.813 (83.813)	Data 83.737 (83.737)	Loss 4.4009e+00 (4.4009e+00)	Acc@1  14.84 ( 14.84)	Acc@5  38.28 ( 38.28)
Epoch: [3][1000/5005]	Time  0.149 ( 0.231)	Data  0.001 ( 0.084)	Loss 4.3554e+00 (4.3279e+00)	Acc@1  12.50 ( 17.38)	Acc@5  39.06 ( 37.01)
Epoch: [3][2000/5005]	Time  0.133 ( 0.190)	Data  0.000 ( 0.042)	Loss 4.2453e+00 (4.3015e+00)	Acc@1  14.84 ( 17.70)	Acc@5  38.28 ( 37.40)
Epoch: [3][3000/5005]	Time  0.149 ( 0.176)	Data  0.000 ( 0.028)	Loss 4.3748e+00 (4.2767e+00)	Acc@1  15.62 ( 18.02)	Acc@5  34.38 ( 37.84)
Epoch: [3][4000/5005]	Time  0.131 ( 0.169)	Data  0.000 ( 0.021)	Loss 4.3635e+00 (4.2483e+00)	Acc@1  18.75 ( 18.38)	Acc@5  37.50 ( 38.40)
Epoch: [3][5000/5005]	Time  0.135 ( 0.166)	Data  0.000 ( 0.017)	Loss 3.8353e+00 (4.2236e+00)	Acc@1  25.00 ( 18.74)	Acc@5  43.75 ( 38.87)
Epoch: [3][   0/5005]	Time 78.337 (78.337)	Data 77.938 (77.938)	Loss 4.3980e+00 (4.3980e+00)	Acc@1  19.53 ( 19.53)	Acc@5  35.16 ( 35.16)
Epoch: [3][1000/5005]	Time  0.148 ( 0.226)	Data  0.000 ( 0.079)	Loss 4.4616e+00 (4.3267e+00)	Acc@1  13.28 ( 17.40)	Acc@5  32.81 ( 36.96)
Epoch: [3][2000/5005]	Time  0.164 ( 0.187)	Data  0.000 ( 0.041)	Loss 4.3906e+00 (4.2982e+00)	Acc@1  13.28 ( 17.79)	Acc@5  31.25 ( 37.43)
Epoch: [3][3000/5005]	Time  0.155 ( 0.174)	Data  0.000 ( 0.028)	Loss 4.3207e+00 (4.2749e+00)	Acc@1  21.88 ( 18.08)	Acc@5  39.06 ( 37.84)
Epoch: [3][4000/5005]	Time  0.137 ( 0.168)	Data  0.000 ( 0.022)	Loss 3.9366e+00 (4.2483e+00)	Acc@1  25.00 ( 18.43)	Acc@5  46.88 ( 38.38)
Epoch: [3][5000/5005]	Time  0.136 ( 0.165)	Data  0.000 ( 0.019)	Loss 4.3782e+00 (4.2255e+00)	Acc@1  17.97 ( 18.73)	Acc@5  35.94 ( 38.80)
Test: [  0/391]	Time 87.520 (87.520)	Loss 2.9799e+00 (2.9799e+00)	Acc@1  36.72 ( 36.72)	Acc@5  67.19 ( 67.19)
 *   Acc@1 22.334 Acc@5 44.812
Test: [  0/391]	Time 87.520 (87.520)	Loss 2.9799e+00 (2.9799e+00)	Acc@1  36.72 ( 36.72)	Acc@5  67.19 ( 67.19)
 *   Acc@1 22.334 Acc@5 44.812
